<?xml version="1.0" encoding="UTF-8"?>
<!-- Generated by org.testng.reporters.JUnitReportReporter -->
<testsuite hostname="JESUS-MBP" failures="0" tests="13" name="CommentTests" time="18.295" errors="0" timestamp="2021-08-22T12:28:59 EDT" skipped="0">
  <testcase classname="CommentTests" name="unauthorizedCreateCommentTest" time="3.106"/>
  <system-out/>
  <testcase classname="CommentTests" name="getAllCommentsTest" time="1.359"/>
  <system-out/>
  <testcase classname="CommentTests" name="unauthorizedGetAllCommentsTest" time="1.264"/>
  <system-out/>
  <testcase classname="CommentTests" name="deleteCommentTest" time="1.236"/>
  <system-out/>
  <testcase classname="CommentTests" name="getOneCommentTest" time="1.239"/>
  <system-out/>
  <testcase classname="CommentTests" name="invalidUpdateCommentTest" time="1.305"/>
  <system-out/>
  <testcase classname="CommentTests" name="invalidDeleteCommentTest" time="1.473"/>
  <system-out/>
  <testcase classname="CommentTests" name="unauthorizedDeleteCommentTest" time="1.204"/>
  <system-out/>
  <testcase classname="CommentTests" name="unauthorizedGetOneCommentTest" time="1.225"/>
  <system-out/>
  <testcase classname="CommentTests" name="invalidGetOneCommentTest" time="1.259"/>
  <system-out/>
  <testcase classname="CommentTests" name="unauthorizedUpdateCommentTest" time="1.110"/>
  <system-out/>
  <testcase classname="CommentTests" name="updateCommentTest" time="1.247"/>
  <system-out/>
  <testcase classname="CommentTests" name="createCommentTest" time="1.268"/>
  <system-out/>
</testsuite> <!-- CommentTests -->
