<?xml version="1.0" encoding="UTF-8"?>
<!-- Generated by org.testng.reporters.JUnitReportReporter -->
<testsuite hostname="JESUS-MBP" failures="0" tests="6" name="AuthenticationTests" time="10.182" errors="0" timestamp="2021-08-22T12:28:59 EDT" skipped="0">
  <testcase classname="AuthenticationTests" name="testFakeLogOut" time="1.324"/>
  <system-out/>
  <testcase classname="AuthenticationTests" name="testInvalidRegister" time="1.345"/>
  <system-out/>
  <testcase classname="AuthenticationTests" name="testInvalidLogin" time="1.351"/>
  <system-out/>
  <testcase classname="AuthenticationTests" name="testLogOut" time="1.548"/>
  <system-out/>
  <testcase classname="AuthenticationTests" name="testRegister" time="3.235"/>
  <system-out/>
  <testcase classname="AuthenticationTests" name="testLogin" time="1.379"/>
  <system-out/>
</testsuite> <!-- AuthenticationTests -->
