<?xml version="1.0" encoding="UTF-8"?>
<!-- Generated by org.testng.reporters.JUnitReportReporter -->
<testsuite hostname="JESUS-MBP" failures="0" tests="11" name="PostTests" time="17.305" errors="0" timestamp="2021-08-22T12:28:59 EDT" skipped="0">
  <testcase classname="PostTests" name="createPostTest" time="1.417"/>
  <system-out/>
  <testcase classname="PostTests" name="deletePostTest" time="1.439"/>
  <system-out/>
  <testcase classname="PostTests" name="getAllPostsTest" time="1.516"/>
  <system-out/>
  <testcase classname="PostTests" name="updatePostTest" time="1.614"/>
  <system-out/>
  <testcase classname="PostTests" name="unauthorizedGetAllPostsTest" time="1.310"/>
  <system-out/>
  <testcase classname="PostTests" name="unauthorizedUpdatePostTest" time="1.238"/>
  <system-out/>
  <testcase classname="PostTests" name="unauthorizedCreatePostTest" time="1.214"/>
  <system-out/>
  <testcase classname="PostTests" name="invalidGetOnePostTest" time="1.500"/>
  <system-out/>
  <testcase classname="PostTests" name="invalidUpdatePostTest" time="1.483"/>
  <system-out/>
  <testcase classname="PostTests" name="unauthorizedGetOnePostTest" time="1.199"/>
  <system-out/>
  <testcase classname="PostTests" name="getOnePostTest" time="3.375"/>
  <system-out/>
</testsuite> <!-- PostTests -->
